{"environment":"development","level":"info","message":"Starting backend service.","service":"event-ticketing-backend","timestamp":"2026-06-02T12:20:48.285Z"}
{"environment":"development","level":"info","message":"HTTP server is ready and accepting requests.","service":"event-ticketing-backend","timestamp":"2026-06-02T12:20:48.539Z","url":"http://localhost:8080"}
{"environment":"development","error":{"message":"Ticket not found","name":"Error","stack":"Error: Ticket not found\n    at getTicketDetails (C:\\Users\\Shaikh\\Desktop\\Event-Ticketing-qr-check-ins\\backend\\src\\modules\\attendees\\attendees.service.ts:150:11)\n    at process.processTicksAndRejections (node:internal/process/task_queues:104:5)\n    at async getMyTicket (C:\\Users\\Shaikh\\Desktop\\Event-Ticketing-qr-check-ins\\backend\\src\\modules\\attendees\\attendees.controller.ts:87:20)"},"level":"warn","message":"Failed to retrieve ticket.","requestId":"eb86eafc-1340-4e16-a4a5-7b065ba2ecd8","service":"event-ticketing-backend","timestamp":"2026-06-02T12:23:04.638Z"}
{"environment":"development","error":{"message":"Ticket not found","name":"Error","stack":"Error: Ticket not found\n    at cancelTicket (C:\\Users\\Shaikh\\Desktop\\Event-Ticketing-qr-check-ins\\backend\\src\\modules\\attendees\\attendees.service.ts:165:11)\n    at process.processTicksAndRejections (node:internal/process/task_queues:104:5)\n    at async cancelMyTicket (C:\\Users\\Shaikh\\Desktop\\Event-Ticketing-qr-check-ins\\backend\\src\\modules\\attendees\\attendees.controller.ts:103:20)"},"level":"warn","message":"Failed to cancel ticket.","requestId":"56c8fa41-fd09-43ba-a2f1-dfc0ab7d1921","service":"event-ticketing-backend","timestamp":"2026-06-02T12:24:38.861Z"}
{"environment":"development","eventId":"077e922f-8e8f-40a1-a22e-e941d407510c","level":"info","message":"Ticket purchased.","service":"event-ticketing-backend","ticketId":"77137d35-871e-4be2-924b-eb8cc166dcfd","timestamp":"2026-06-02T12:26:20.158Z","userId":"971cea45-f5b1-4bf0-8208-f7f99cad76c2"}
{"environment":"development","level":"info","message":"Starting backend service.","service":"event-ticketing-backend","timestamp":"2026-06-02T15:33:08.967Z"}
{"environment":"development","level":"info","message":"HTTP server is ready and accepting requests.","service":"event-ticketing-backend","timestamp":"2026-06-02T15:33:09.203Z","url":"http://localhost:8080"}
{"environment":"development","level":"info","message":"Starting backend service.","service":"event-ticketing-backend","timestamp":"2026-06-02T15:40:55.520Z"}
{"environment":"development","level":"info","message":"HTTP server is ready and accepting requests.","service":"event-ticketing-backend","timestamp":"2026-06-02T15:40:55.790Z","url":"http://localhost:8080"}
{"email":"checker@gmail.com","environment":"development","level":"info","message":"Managed user account created.","role":"CHECKER","service":"event-ticketing-backend","timestamp":"2026-06-02T15:40:59.459Z","userId":"842a7f48-625f-4576-94fd-3d0b3a08e829"}
{"email":"checker@gmail.com","environment":"development","level":"info","message":"Auth login completed.","role":"CHECKER","service":"event-ticketing-backend","timestamp":"2026-06-02T15:41:35.667Z","userId":"842a7f48-625f-4576-94fd-3d0b3a08e829"}
{"environment":"development","level":"warn","message":"Authorization header is required.","requestId":"443aa7e7-7153-4fb1-9000-5ee33447c565","service":"event-ticketing-backend","timestamp":"2026-06-02T15:42:55.548Z"}
{"allowedRoles":["ADMIN"],"environment":"development","level":"warn","message":"Auth middleware rejected request due to role mismatch.","requestId":"59a64469-d78f-4be1-a2f3-75da6ce0b276","service":"event-ticketing-backend","timestamp":"2026-06-02T15:43:03.338Z","userId":"7abc87b0-5de3-46fd-9990-ac48d77fb5d7","userRole":"ORGANIZER"}
{"environment":"development","issues":{},"level":"warn","message":"Auth login validation failed.","requestId":"f67769e3-d12b-44db-8e11-bd3d30ca0f1c","service":"event-ticketing-backend","timestamp":"2026-06-02T15:44:08.380Z"}
{"email":"admin@sample.com","environment":"development","level":"warn","message":"Auth login blocked: user not found.","service":"event-ticketing-backend","timestamp":"2026-06-02T15:44:23.859Z"}
{"environment":"development","level":"warn","message":"Invalid email or password.","requestId":"669ff70b-4011-43e8-a48a-8dc8861f626a","service":"event-ticketing-backend","statusCode":401,"timestamp":"2026-06-02T15:44:23.860Z"}
{"email":"admin@sample.com","environment":"development","level":"warn","message":"Auth login blocked: user not found.","service":"event-ticketing-backend","timestamp":"2026-06-02T15:44:32.644Z"}
{"environment":"development","level":"warn","message":"Invalid email or password.","requestId":"2ec3cd5e-3074-4aa1-b6d3-cdc5ac5a98b6","service":"event-ticketing-backend","statusCode":401,"timestamp":"2026-06-02T15:44:32.646Z"}
{"email":"admin@sample.com","environment":"development","level":"warn","message":"Auth login blocked: user not found.","service":"event-ticketing-backend","timestamp":"2026-06-02T15:44:56.613Z"}
{"environment":"development","level":"warn","message":"Invalid email or password.","requestId":"76892545-35ff-4e42-9803-82ba398064cb","service":"event-ticketing-backend","statusCode":401,"timestamp":"2026-06-02T15:44:56.614Z"}
{"email":"admin@example.com","environment":"development","level":"info","message":"Auth login completed.","role":"ADMIN","service":"event-ticketing-backend","timestamp":"2026-06-02T15:45:06.591Z","userId":"971cea45-f5b1-4bf0-8208-f7f99cad76c2"}
{"environment":"development","level":"warn","message":"Checker was not found.","requestId":"a08759bd-446b-48d8-aa4a-3c9ba88d3b9a","service":"event-ticketing-backend","statusCode":404,"timestamp":"2026-06-02T15:45:30.930Z"}
{"environment":"development","level":"warn","message":"Checker was not found.","requestId":"6adb2cd0-9271-406f-b770-6154a99f2709","service":"event-ticketing-backend","statusCode":404,"timestamp":"2026-06-02T15:45:39.175Z"}
{"environment":"development","level":"warn","message":"Only organizer accounts can be deleted through this action.","requestId":"1b403912-be6f-4368-8ad2-e9287ca57439","service":"event-ticketing-backend","statusCode":400,"timestamp":"2026-06-02T15:46:04.507Z"}
{"environment":"development","level":"warn","message":"Only attendee accounts can be deleted through this action.","requestId":"cfd355d7-ef9f-4897-a55b-e039721a2e61","service":"event-ticketing-backend","statusCode":400,"timestamp":"2026-06-02T15:46:36.748Z"}
{"environment":"development","level":"info","message":"Checker account deleted.","service":"event-ticketing-backend","ticketCount":0,"timestamp":"2026-06-02T15:46:54.500Z","userId":"842a7f48-625f-4576-94fd-3d0b3a08e829"}
{"environment":"development","level":"info","message":"Database seed started (comprehensive).","service":"event-ticketing-backend","timestamp":"2026-06-02T15:50:26.687Z"}
{"environment":"development","events":11,"level":"info","message":"Database seed completed successfully.","service":"event-ticketing-backend","tickets":127,"timestamp":"2026-06-02T15:50:40.076Z","users":69}
{"environment":"development","level":"info","message":"Database seed started (comprehensive).","service":"event-ticketing-backend","timestamp":"2026-06-02T15:55:11.097Z"}
{"environment":"development","events":11,"level":"info","message":"Database seed completed successfully.","service":"event-ticketing-backend","tickets":117,"timestamp":"2026-06-02T15:55:22.897Z","users":69}
{"environment":"development","level":"info","message":"Database seed started (comprehensive).","service":"event-ticketing-backend","timestamp":"2026-06-02T16:00:15.119Z"}
{"environment":"development","events":16,"level":"info","message":"Database seed completed successfully.","service":"event-ticketing-backend","tickets":111,"timestamp":"2026-06-02T16:00:27.156Z","users":69}
